<?xml version="1.0" encoding="UTF-8"?>
<testng-results skipped="0" failed="1" total="1" passed="0">
  <reporter-output>
  </reporter-output>
  <suite name="Default suite" duration-ms="16896" started-at="2015-06-18T05:57:07Z" finished-at="2015-06-18T05:57:24Z">
    <groups>
    </groups>
    <test name="Default test" duration-ms="16896" started-at="2015-06-18T05:57:07Z" finished-at="2015-06-18T05:57:24Z">
      <class name="comregpro.RegproclsOne">
        <test-method status="FAIL" signature="LoginPageResTest(java.lang.String, java.lang.String, java.lang.String, java.lang.String)[pri:0, instance:comregpro.RegproclsOne@1f7e273]" name="LoginPageResTest" duration-ms="16547" started-at="2015-06-18T11:27:07Z" data-provider="myTest" finished-at="2015-06-18T11:27:24Z">
          <params>
            <param index="0">
              <value>
                <![CDATA[https://rhc.myemedfusion.com/epp]]>
              </value>
            </param>
            <param index="1">
              <value>
                <![CDATA[Admin]]>
              </value>
            </param>
            <param index="2">
              <value>
                <![CDATA[Wellness58]]>
              </value>
            </param>
            <param index="3">
              <value>
                <![CDATA[SubURLrhc]]>
              </value>
            </param>
          </params>
          <exception class="java.lang.AssertionError">
            <message>
              <![CDATA[Either Login not working or PasswordChanged expected [true] but found [false]]]>
            </message>
            <full-stacktrace>
              <![CDATA[java.lang.AssertionError: Either Login not working or PasswordChanged expected [true] but found [false]
	at org.testng.Assert.fail(Assert.java:94)
	at org.testng.Assert.failNotEquals(Assert.java:494)
	at org.testng.Assert.assertTrue(Assert.java:42)
	at comregpro.RegproclsOne.Logincheck(RegproclsOne.java:103)
	at comregpro.RegproclsOne.LoginPageResTest(RegproclsOne.java:81)
	at sun.reflect.NativeMethodAccessorImpl.invoke0(Native Method)
	at sun.reflect.NativeMethodAccessorImpl.invoke(NativeMethodAccessorImpl.java:57)
	at sun.reflect.DelegatingMethodAccessorImpl.invoke(DelegatingMethodAccessorImpl.java:43)
	at java.lang.reflect.Method.invoke(Method.java:606)
	at org.testng.internal.MethodInvocationHelper.invokeMethod(MethodInvocationHelper.java:84)
	at org.testng.internal.Invoker.invokeMethod(Invoker.java:714)
	at org.testng.internal.Invoker.invokeTestMethod(Invoker.java:901)
	at org.testng.internal.Invoker.invokeTestMethods(Invoker.java:1231)
	at org.testng.internal.TestMethodWorker.invokeTestMethods(TestMethodWorker.java:127)
	at org.testng.internal.TestMethodWorker.run(TestMethodWorker.java:111)
	at org.testng.TestRunner.privateRun(TestRunner.java:767)
	at org.testng.TestRunner.run(TestRunner.java:617)
	at org.testng.SuiteRunner.runTest(SuiteRunner.java:334)
	at org.testng.SuiteRunner.runSequentially(SuiteRunner.java:329)
	at org.testng.SuiteRunner.privateRun(SuiteRunner.java:291)
	at org.testng.SuiteRunner.run(SuiteRunner.java:240)
	at org.testng.SuiteRunnerWorker.runSuite(SuiteRunnerWorker.java:52)
	at org.testng.SuiteRunnerWorker.run(SuiteRunnerWorker.java:86)
	at org.testng.TestNG.runSuitesSequentially(TestNG.java:1224)
	at org.testng.TestNG.runSuitesLocally(TestNG.java:1149)
	at org.testng.TestNG.run(TestNG.java:1057)
	at org.testng.remote.RemoteTestNG.run(RemoteTestNG.java:111)
	at org.testng.remote.RemoteTestNG.initAndRun(RemoteTestNG.java:204)
	at org.testng.remote.RemoteTestNG.main(RemoteTestNG.java:175)
]]>
            </full-stacktrace>
          </exception> <!-- java.lang.AssertionError -->
          <reporter-output>
          </reporter-output>
        </test-method> <!-- LoginPageResTest -->
        <test-method status="PASS" signature="AF()[pri:0, instance:comregpro.RegproclsOne@1f7e273]" name="AF" is-config="true" duration-ms="133" started-at="2015-06-18T11:27:24Z" finished-at="2015-06-18T11:27:24Z">
          <reporter-output>
          </reporter-output>
        </test-method> <!-- AF -->
      </class> <!-- comregpro.RegproclsOne -->
    </test> <!-- Default test -->
  </suite> <!-- Default suite -->
</testng-results>
